<?xml version="1.0" encoding="UTF-8"?>
<testsuite xmlns:xsi="http://www.w3.org/2001/XMLSchema-instance" xsi:noNamespaceSchemaLocation="https://maven.apache.org/surefire/maven-surefire-plugin/xsd/surefire-test-report-3.0.xsd" version="3.0" name="nl.rutgerkok.blocklocker.group.CombinedGroupSystemTest" time="0.405" tests="6" errors="0" skipped="0" failures="0">
  <properties>
[...]
</properties>
  <testcase name="testReloadSurvivors" classname="nl.rutgerkok.blocklocker.group.CombinedGroupSystemTest" time="0.0"/>
  <testcase name="testAddNullSystems" classname="nl.rutgerkok.blocklocker.group.CombinedGroupSystemTest" time="0.0"/>
  <testcase name="testSingleReturnsFalse" classname="nl.rutgerkok.blocklocker.group.CombinedGroupSystemTest" time="0.4"/>
  <testcase name="testAddNullSystem" classname="nl.rutgerkok.blocklocker.group.CombinedGroupSystemTest" time="0.0"/>
  <testcase name="testCombined" classname="nl.rutgerkok.blocklocker.group.CombinedGroupSystemTest" time="0.0"/>
  <testcase name="testEmptyGroupSystem" classname="nl.rutgerkok.blocklocker.group.CombinedGroupSystemTest" time="0.001"/>
</testsuite>